<?xml version="1.0" encoding="UTF-8"?>
<coverage generated="1437007596">
  <project timestamp="1437007596">
    <package name="DexterService\Controllers">
      <file name="/home/forlinux/projects/4502-PHP/ProjetoFinal/DexterService/application/Controllers/ClienteController.php">
        <class name="ClienteController" namespace="DexterService\Controllers">
          <metrics methods="5" coveredmethods="4" conditionals="0" coveredconditionals="0" statements="21" coveredstatements="19" elements="26" coveredelements="23"/>
        </class>
        <line num="14" type="method" name="getAction" crap="2" count="2"/>
        <line num="16" type="stmt" count="2"/>
        <line num="17" type="stmt" count="1"/>
        <line num="18" type="stmt" count="1"/>
        <line num="19" type="stmt" count="1"/>
        <line num="20" type="stmt" count="1"/>
        <line num="21" type="stmt" count="1"/>
        <line num="23" type="stmt" count="2"/>
        <line num="25" type="method" name="postAction" crap="2" count="4"/>
        <line num="28" type="stmt" count="4"/>
        <line num="29" type="stmt" count="4"/>
        <line num="30" type="stmt" count="2"/>
        <line num="31" type="stmt" count="2"/>
        <line num="33" type="stmt" count="4"/>
        <line num="35" type="method" name="putAction" crap="1" count="2"/>
        <line num="37" type="stmt" count="2"/>
        <line num="38" type="stmt" count="2"/>
        <line num="40" type="method" name="getService" crap="2.26" count="7"/>
        <line num="42" type="stmt" count="7"/>
        <line num="43" type="stmt" count="0"/>
        <line num="44" type="stmt" count="0"/>
        <line num="46" type="stmt" count="7"/>
        <line num="47" type="stmt" count="1"/>
        <line num="49" type="method" name="setService" crap="1" count="7"/>
        <line num="51" type="stmt" count="7"/>
        <line num="52" type="stmt" count="7"/>
        <metrics loc="54" ncloc="54" classes="1" methods="5" coveredmethods="4" conditionals="0" coveredconditionals="0" statements="21" coveredstatements="19" elements="26" coveredelements="23"/>
      </file>
      <file name="/home/forlinux/projects/4502-PHP/ProjetoFinal/DexterService/application/Controllers/ContatoController.php">
        <class name="ContatoController" namespace="DexterService\Controllers">
          <metrics methods="3" coveredmethods="2" conditionals="0" coveredconditionals="0" statements="11" coveredstatements="9" elements="14" coveredelements="11"/>
        </class>
        <line num="14" type="method" name="postAction" crap="2" count="2"/>
        <line num="17" type="stmt" count="2"/>
        <line num="18" type="stmt" count="2"/>
        <line num="19" type="stmt" count="1"/>
        <line num="20" type="stmt" count="1"/>
        <line num="22" type="stmt" count="2"/>
        <line num="24" type="method" name="getService" crap="2.50" count="3"/>
        <line num="26" type="stmt" count="3"/>
        <line num="27" type="stmt" count="0"/>
        <line num="28" type="stmt" count="0"/>
        <line num="30" type="stmt" count="3"/>
        <line num="33" type="method" name="setService" crap="1" count="3"/>
        <line num="35" type="stmt" count="3"/>
        <line num="36" type="stmt" count="3"/>
        <metrics loc="38" ncloc="38" classes="1" methods="3" coveredmethods="2" conditionals="0" coveredconditionals="0" statements="11" coveredstatements="9" elements="14" coveredelements="11"/>
      </file>
      <file name="/home/forlinux/projects/4502-PHP/ProjetoFinal/DexterService/application/Controllers/DestaqueController.php">
        <class name="DestaqueController" namespace="DexterService\Controllers">
          <metrics methods="5" coveredmethods="4" conditionals="0" coveredconditionals="0" statements="18" coveredstatements="16" elements="23" coveredelements="20"/>
        </class>
        <line num="14" type="method" name="getAction" crap="2" count="2"/>
        <line num="16" type="stmt" count="2"/>
        <line num="17" type="stmt" count="1"/>
        <line num="18" type="stmt" count="1"/>
        <line num="19" type="stmt" count="1"/>
        <line num="21" type="stmt" count="2"/>
        <line num="23" type="method" name="postAction" crap="2" count="4"/>
        <line num="26" type="stmt" count="4"/>
        <line num="27" type="stmt" count="4"/>
        <line num="28" type="stmt" count="2"/>
        <line num="29" type="stmt" count="2"/>
        <line num="31" type="stmt" count="4"/>
        <line num="33" type="method" name="putAction" crap="1" count="2"/>
        <line num="35" type="stmt" count="2"/>
        <line num="36" type="stmt" count="2"/>
        <line num="38" type="method" name="getService" crap="2.50" count="7"/>
        <line num="40" type="stmt" count="7"/>
        <line num="41" type="stmt" count="0"/>
        <line num="42" type="stmt" count="0"/>
        <line num="44" type="stmt" count="7"/>
        <line num="47" type="method" name="setService" crap="1" count="7"/>
        <line num="49" type="stmt" count="7"/>
        <line num="50" type="stmt" count="7"/>
        <metrics loc="52" ncloc="52" classes="1" methods="5" coveredmethods="4" conditionals="0" coveredconditionals="0" statements="18" coveredstatements="16" elements="23" coveredelements="20"/>
      </file>
      <file name="/home/forlinux/projects/4502-PHP/ProjetoFinal/DexterService/application/Controllers/EstadoController.php">
        <class name="EstadoController" namespace="DexterService\Controllers">
          <metrics methods="3" coveredmethods="2" conditionals="0" coveredconditionals="0" statements="8" coveredstatements="6" elements="11" coveredelements="8"/>
        </class>
        <line num="14" type="method" name="getAction" crap="1" count="1"/>
        <line num="16" type="stmt" count="1"/>
        <line num="17" type="stmt" count="1"/>
        <line num="19" type="method" name="getService" crap="2.50" count="2"/>
        <line num="21" type="stmt" count="2"/>
        <line num="22" type="stmt" count="0"/>
        <line num="23" type="stmt" count="0"/>
        <line num="25" type="stmt" count="2"/>
        <line num="28" type="method" name="setService" crap="1" count="2"/>
        <line num="30" type="stmt" count="2"/>
        <line num="31" type="stmt" count="2"/>
        <metrics loc="33" ncloc="33" classes="1" methods="3" coveredmethods="2" conditionals="0" coveredconditionals="0" statements="8" coveredstatements="6" elements="11" coveredelements="8"/>
      </file>
      <file name="/home/forlinux/projects/4502-PHP/ProjetoFinal/DexterService/application/Controllers/FuncionalidadeController.php">
        <class name="FuncionalidadeController" namespace="DexterService\Controllers">
          <metrics methods="5" coveredmethods="4" conditionals="0" coveredconditionals="0" statements="18" coveredstatements="16" elements="23" coveredelements="20"/>
        </class>
        <line num="14" type="method" name="getAction" crap="2" count="2"/>
        <line num="16" type="stmt" count="2"/>
        <line num="17" type="stmt" count="1"/>
        <line num="18" type="stmt" count="1"/>
        <line num="19" type="stmt" count="1"/>
        <line num="21" type="stmt" count="2"/>
        <line num="23" type="method" name="postAction" crap="2" count="4"/>
        <line num="26" type="stmt" count="4"/>
        <line num="27" type="stmt" count="4"/>
        <line num="28" type="stmt" count="2"/>
        <line num="29" type="stmt" count="2"/>
        <line num="31" type="stmt" count="4"/>
        <line num="33" type="method" name="putAction" crap="1" count="2"/>
        <line num="35" type="stmt" count="2"/>
        <line num="36" type="stmt" count="2"/>
        <line num="38" type="method" name="getService" crap="2.50" count="7"/>
        <line num="40" type="stmt" count="7"/>
        <line num="41" type="stmt" count="0"/>
        <line num="42" type="stmt" count="0"/>
        <line num="44" type="stmt" count="7"/>
        <line num="47" type="method" name="setService" crap="1" count="7"/>
        <line num="49" type="stmt" count="7"/>
        <line num="50" type="stmt" count="7"/>
        <metrics loc="52" ncloc="52" classes="1" methods="5" coveredmethods="4" conditionals="0" coveredconditionals="0" statements="18" coveredstatements="16" elements="23" coveredelements="20"/>
      </file>
      <file name="/home/forlinux/projects/4502-PHP/ProjetoFinal/DexterService/application/Controllers/MensagemController.php">
        <class name="MensagemController" namespace="DexterService\Controllers">
          <metrics methods="5" coveredmethods="4" conditionals="0" coveredconditionals="0" statements="18" coveredstatements="16" elements="23" coveredelements="20"/>
        </class>
        <line num="14" type="method" name="getAction" crap="2" count="2"/>
        <line num="16" type="stmt" count="2"/>
        <line num="17" type="stmt" count="1"/>
        <line num="18" type="stmt" count="1"/>
        <line num="19" type="stmt" count="1"/>
        <line num="21" type="stmt" count="2"/>
        <line num="23" type="method" name="postAction" crap="2" count="4"/>
        <line num="26" type="stmt" count="4"/>
        <line num="27" type="stmt" count="4"/>
        <line num="28" type="stmt" count="2"/>
        <line num="29" type="stmt" count="2"/>
        <line num="31" type="stmt" count="4"/>
        <line num="33" type="method" name="putAction" crap="1" count="2"/>
        <line num="35" type="stmt" count="2"/>
        <line num="36" type="stmt" count="2"/>
        <line num="38" type="method" name="getService" crap="2.50" count="7"/>
        <line num="40" type="stmt" count="7"/>
        <line num="41" type="stmt" count="0"/>
        <line num="42" type="stmt" count="0"/>
        <line num="44" type="stmt" count="7"/>
        <line num="47" type="method" name="setService" crap="1" count="7"/>
        <line num="49" type="stmt" count="7"/>
        <line num="50" type="stmt" count="7"/>
        <metrics loc="52" ncloc="52" classes="1" methods="5" coveredmethods="4" conditionals="0" coveredconditionals="0" statements="18" coveredstatements="16" elements="23" coveredelements="20"/>
      </file>
      <file name="/home/forlinux/projects/4502-PHP/ProjetoFinal/DexterService/application/Controllers/ServicoController.php">
        <class name="ServicoController" namespace="DexterService\Controllers">
          <metrics methods="5" coveredmethods="4" conditionals="0" coveredconditionals="0" statements="24" coveredstatements="22" elements="29" coveredelements="26"/>
        </class>
        <line num="14" type="method" name="getAction" crap="4" count="3"/>
        <line num="16" type="stmt" count="3"/>
        <line num="17" type="stmt" count="1"/>
        <line num="18" type="stmt" count="1"/>
        <line num="19" type="stmt" count="1"/>
        <line num="20" type="stmt" count="1"/>
        <line num="21" type="stmt" count="2"/>
        <line num="22" type="stmt" count="2"/>
        <line num="23" type="stmt" count="1"/>
        <line num="24" type="stmt" count="1"/>
        <line num="25" type="stmt" count="2"/>
        <line num="27" type="stmt" count="3"/>
        <line num="29" type="method" name="postAction" crap="2" count="4"/>
        <line num="32" type="stmt" count="4"/>
        <line num="33" type="stmt" count="4"/>
        <line num="34" type="stmt" count="2"/>
        <line num="35" type="stmt" count="2"/>
        <line num="37" type="stmt" count="4"/>
        <line num="39" type="method" name="putAction" crap="1" count="2"/>
        <line num="41" type="stmt" count="2"/>
        <line num="42" type="stmt" count="2"/>
        <line num="44" type="method" name="getService" crap="2.50" count="8"/>
        <line num="46" type="stmt" count="8"/>
        <line num="47" type="stmt" count="0"/>
        <line num="48" type="stmt" count="0"/>
        <line num="50" type="stmt" count="8"/>
        <line num="53" type="method" name="setService" crap="1" count="8"/>
        <line num="55" type="stmt" count="8"/>
        <line num="56" type="stmt" count="8"/>
        <metrics loc="58" ncloc="58" classes="1" methods="5" coveredmethods="4" conditionals="0" coveredconditionals="0" statements="24" coveredstatements="22" elements="29" coveredelements="26"/>
      </file>
      <file name="/home/forlinux/projects/4502-PHP/ProjetoFinal/DexterService/application/Controllers/UsuarioController.php">
        <class name="UsuarioController" namespace="DexterService\Controllers">
          <metrics methods="5" coveredmethods="4" conditionals="0" coveredconditionals="0" statements="18" coveredstatements="16" elements="23" coveredelements="20"/>
        </class>
        <line num="14" type="method" name="getAction" crap="2" count="2"/>
        <line num="16" type="stmt" count="2"/>
        <line num="17" type="stmt" count="1"/>
        <line num="18" type="stmt" count="1"/>
        <line num="19" type="stmt" count="1"/>
        <line num="21" type="stmt" count="2"/>
        <line num="23" type="method" name="postAction" crap="2" count="4"/>
        <line num="26" type="stmt" count="4"/>
        <line num="27" type="stmt" count="4"/>
        <line num="28" type="stmt" count="2"/>
        <line num="29" type="stmt" count="2"/>
        <line num="31" type="stmt" count="4"/>
        <line num="33" type="method" name="patchAction" crap="1" count="2"/>
        <line num="35" type="stmt" count="2"/>
        <line num="36" type="stmt" count="2"/>
        <line num="38" type="method" name="getService" crap="2.50" count="7"/>
        <line num="40" type="stmt" count="7"/>
        <line num="41" type="stmt" count="0"/>
        <line num="42" type="stmt" count="0"/>
        <line num="44" type="stmt" count="7"/>
        <line num="47" type="method" name="setService" crap="1" count="7"/>
        <line num="49" type="stmt" count="7"/>
        <line num="50" type="stmt" count="7"/>
        <metrics loc="52" ncloc="52" classes="1" methods="5" coveredmethods="4" conditionals="0" coveredconditionals="0" statements="18" coveredstatements="16" elements="23" coveredelements="20"/>
      </file>
    </package>
    <package name="DexterService\Models">
      <file name="/home/forlinux/projects/4502-PHP/ProjetoFinal/DexterService/application/Models/AbstractEntity.php">
        <class name="AbstractEntity" namespace="DexterService\Models">
          <metrics methods="3" coveredmethods="1" conditionals="0" coveredconditionals="0" statements="20" coveredstatements="9" elements="23" coveredelements="10"/>
        </class>
        <line num="11" type="method" name="__construct" crap="4.02" count="208"/>
        <line num="13" type="stmt" count="208"/>
        <line num="14" type="stmt" count="25"/>
        <line num="15" type="stmt" count="0"/>
        <line num="18" type="stmt" count="25"/>
        <line num="19" type="stmt" count="25"/>
        <line num="20" type="stmt" count="25"/>
        <line num="21" type="stmt" count="25"/>
        <line num="22" type="stmt" count="208"/>
        <line num="23" type="stmt" count="208"/>
        <line num="28" type="method" name="generateSetter" crap="1" count="25"/>
        <line num="30" type="stmt" count="25"/>
        <line num="33" type="method" name="toArray" crap="12" count="0"/>
        <line num="35" type="stmt" count="0"/>
        <line num="36" type="stmt" count="0"/>
        <line num="37" type="stmt" count="0"/>
        <line num="38" type="stmt" count="0"/>
        <line num="39" type="stmt" count="0"/>
        <line num="40" type="stmt" count="0"/>
        <line num="41" type="stmt" count="0"/>
        <line num="42" type="stmt" count="0"/>
        <line num="43" type="stmt" count="0"/>
        <line num="45" type="stmt" count="0"/>
        <metrics loc="47" ncloc="41" classes="1" methods="3" coveredmethods="1" conditionals="0" coveredconditionals="0" statements="20" coveredstatements="9" elements="23" coveredelements="10"/>
      </file>
      <file name="/home/forlinux/projects/4502-PHP/ProjetoFinal/DexterService/application/Models/AbstractMapper.php">
        <class name="AbstractMapper" namespace="DexterService\Models">
          <metrics methods="2" coveredmethods="1" conditionals="0" coveredconditionals="0" statements="6" coveredstatements="4" elements="8" coveredelements="5"/>
        </class>
        <line num="16" type="method" name="getDb" crap="2.50" count="30"/>
        <line num="18" type="stmt" count="30"/>
        <line num="19" type="stmt" count="0"/>
        <line num="20" type="stmt" count="0"/>
        <line num="21" type="stmt" count="30"/>
        <line num="27" type="method" name="setDb" crap="1" count="30"/>
        <line num="29" type="stmt" count="30"/>
        <line num="30" type="stmt" count="30"/>
        <metrics loc="32" ncloc="23" classes="1" methods="2" coveredmethods="1" conditionals="0" coveredconditionals="0" statements="6" coveredstatements="4" elements="8" coveredelements="5"/>
      </file>
      <file name="/home/forlinux/projects/4502-PHP/ProjetoFinal/DexterService/tests/unit/application/Models/TestProvider.php">
        <class name="TestProvider" namespace="DexterService\Models">
          <metrics methods="10" coveredmethods="0" conditionals="0" coveredconditionals="0" statements="43" coveredstatements="0" elements="53" coveredelements="0"/>
        </class>
        <line num="7" type="method" name="providerForInt" crap="2" count="0"/>
        <line num="10" type="stmt" count="0"/>
        <line num="11" type="stmt" count="0"/>
        <line num="12" type="stmt" count="0"/>
        <line num="13" type="stmt" count="0"/>
        <line num="14" type="stmt" count="0"/>
        <line num="17" type="method" name="providerForString" crap="2" count="0"/>
        <line num="20" type="stmt" count="0"/>
        <line num="21" type="stmt" count="0"/>
        <line num="22" type="stmt" count="0"/>
        <line num="23" type="stmt" count="0"/>
        <line num="26" type="method" name="providerForImagens" crap="2" count="0"/>
        <line num="29" type="stmt" count="0"/>
        <line num="30" type="stmt" count="0"/>
        <line num="31" type="stmt" count="0"/>
        <line num="32" type="stmt" count="0"/>
        <line num="33" type="stmt" count="0"/>
        <line num="36" type="method" name="providerForBigString50" crap="2" count="0"/>
        <line num="39" type="stmt" count="0"/>
        <line num="40" type="stmt" count="0"/>
        <line num="41" type="stmt" count="0"/>
        <line num="42" type="stmt" count="0"/>
        <line num="43" type="stmt" count="0"/>
        <line num="46" type="method" name="providerYN" crap="2" count="0"/>
        <line num="49" type="stmt" count="0"/>
        <line num="50" type="stmt" count="0"/>
        <line num="51" type="stmt" count="0"/>
        <line num="54" type="method" name="providerForTelefone" crap="2" count="0"/>
        <line num="57" type="stmt" count="0"/>
        <line num="58" type="stmt" count="0"/>
        <line num="59" type="stmt" count="0"/>
        <line num="60" type="stmt" count="0"/>
        <line num="63" type="method" name="providerForCelular" crap="2" count="0"/>
        <line num="66" type="stmt" count="0"/>
        <line num="67" type="stmt" count="0"/>
        <line num="68" type="stmt" count="0"/>
        <line num="69" type="stmt" count="0"/>
        <line num="72" type="method" name="providerForEmail" crap="2" count="0"/>
        <line num="75" type="stmt" count="0"/>
        <line num="76" type="stmt" count="0"/>
        <line num="77" type="stmt" count="0"/>
        <line num="78" type="stmt" count="0"/>
        <line num="79" type="stmt" count="0"/>
        <line num="82" type="method" name="providerForCep" crap="2" count="0"/>
        <line num="85" type="stmt" count="0"/>
        <line num="86" type="stmt" count="0"/>
        <line num="87" type="stmt" count="0"/>
        <line num="88" type="stmt" count="0"/>
        <line num="91" type="method" name="providerForEstado" crap="2" count="0"/>
        <line num="94" type="stmt" count="0"/>
        <line num="95" type="stmt" count="0"/>
        <line num="96" type="stmt" count="0"/>
        <line num="97" type="stmt" count="0"/>
        <metrics loc="99" ncloc="99" classes="1" methods="10" coveredmethods="0" conditionals="0" coveredconditionals="0" statements="43" coveredstatements="0" elements="53" coveredelements="0"/>
      </file>
    </package>
    <package name="DexterService\Models\Collection">
      <file name="/home/forlinux/projects/4502-PHP/ProjetoFinal/DexterService/application/Models/Collection/AbstractCollection.php">
        <class name="AbstractCollection" namespace="DexterService\Models\Collection">
          <metrics methods="1" coveredmethods="0" conditionals="0" coveredconditionals="0" statements="5" coveredstatements="0" elements="6" coveredelements="0"/>
        </class>
        <line num="7" type="method" name="toArray" crap="6" count="0"/>
        <line num="9" type="stmt" count="0"/>
        <line num="10" type="stmt" count="0"/>
        <line num="11" type="stmt" count="0"/>
        <line num="12" type="stmt" count="0"/>
        <line num="14" type="stmt" count="0"/>
        <metrics loc="16" ncloc="16" classes="1" methods="1" coveredmethods="0" conditionals="0" coveredconditionals="0" statements="5" coveredstatements="0" elements="6" coveredelements="0"/>
      </file>
      <file name="/home/forlinux/projects/4502-PHP/ProjetoFinal/DexterService/application/Models/Collection/Cliente.php">
        <class name="Cliente" namespace="DexterService\Models\Collection">
          <metrics methods="0" coveredmethods="0" conditionals="0" coveredconditionals="0" statements="0" coveredstatements="0" elements="0" coveredelements="0"/>
        </class>
        <metrics loc="7" ncloc="7" classes="1" methods="0" coveredmethods="0" conditionals="0" coveredconditionals="0" statements="0" coveredstatements="0" elements="0" coveredelements="0"/>
      </file>
      <file name="/home/forlinux/projects/4502-PHP/ProjetoFinal/DexterService/application/Models/Collection/Destaque.php">
        <class name="Destaque" namespace="DexterService\Models\Collection">
          <metrics methods="0" coveredmethods="0" conditionals="0" coveredconditionals="0" statements="0" coveredstatements="0" elements="0" coveredelements="0"/>
        </class>
        <metrics loc="7" ncloc="7" classes="1" methods="0" coveredmethods="0" conditionals="0" coveredconditionals="0" statements="0" coveredstatements="0" elements="0" coveredelements="0"/>
      </file>
      <file name="/home/forlinux/projects/4502-PHP/ProjetoFinal/DexterService/application/Models/Collection/Funcionalidade.php">
        <class name="Funcionalidade" namespace="DexterService\Models\Collection">
          <metrics methods="0" coveredmethods="0" conditionals="0" coveredconditionals="0" statements="0" coveredstatements="0" elements="0" coveredelements="0"/>
        </class>
        <metrics loc="7" ncloc="7" classes="1" methods="0" coveredmethods="0" conditionals="0" coveredconditionals="0" statements="0" coveredstatements="0" elements="0" coveredelements="0"/>
      </file>
      <file name="/home/forlinux/projects/4502-PHP/ProjetoFinal/DexterService/application/Models/Collection/Mensagem.php">
        <class name="Mensagem" namespace="DexterService\Models\Collection">
          <metrics methods="0" coveredmethods="0" conditionals="0" coveredconditionals="0" statements="0" coveredstatements="0" elements="0" coveredelements="0"/>
        </class>
        <metrics loc="7" ncloc="7" classes="1" methods="0" coveredmethods="0" conditionals="0" coveredconditionals="0" statements="0" coveredstatements="0" elements="0" coveredelements="0"/>
      </file>
      <file name="/home/forlinux/projects/4502-PHP/ProjetoFinal/DexterService/application/Models/Collection/Servico.php">
        <class name="Servico" namespace="DexterService\Models\Collection">
          <metrics methods="0" coveredmethods="0" conditionals="0" coveredconditionals="0" statements="0" coveredstatements="0" elements="0" coveredelements="0"/>
        </class>
        <metrics loc="7" ncloc="7" classes="1" methods="0" coveredmethods="0" conditionals="0" coveredconditionals="0" statements="0" coveredstatements="0" elements="0" coveredelements="0"/>
      </file>
      <file name="/home/forlinux/projects/4502-PHP/ProjetoFinal/DexterService/application/Models/Collection/User.php">
        <class name="User" namespace="DexterService\Models\Collection">
          <metrics methods="0" coveredmethods="0" conditionals="0" coveredconditionals="0" statements="0" coveredstatements="0" elements="0" coveredelements="0"/>
        </class>
        <metrics loc="7" ncloc="7" classes="1" methods="0" coveredmethods="0" conditionals="0" coveredconditionals="0" statements="0" coveredstatements="0" elements="0" coveredelements="0"/>
      </file>
    </package>
    <package name="DexterService\Models\DataMapper">
      <file name="/home/forlinux/projects/4502-PHP/ProjetoFinal/DexterService/application/Models/DataMapper/Cliente.php">
        <class name="Cliente" namespace="DexterService\Models\DataMapper">
          <metrics methods="4" coveredmethods="4" conditionals="0" coveredconditionals="0" statements="34" coveredstatements="34" elements="38" coveredelements="38"/>
        </class>
        <line num="10" type="method" name="fetchAll" crap="1" count="1"/>
        <line num="12" type="stmt" count="1"/>
        <line num="15" type="method" name="fetchById" crap="2" count="2"/>
        <line num="17" type="stmt" count="2"/>
        <line num="19" type="stmt" count="2"/>
        <line num="20" type="stmt" count="1"/>
        <line num="23" type="stmt" count="1"/>
        <line num="26" type="method" name="insert" crap="1" count="1"/>
        <line num="28" type="stmt" count="1"/>
        <line num="30" type="stmt" count="1"/>
        <line num="32" type="stmt" count="1"/>
        <line num="33" type="stmt" count="1"/>
        <line num="34" type="stmt" count="1"/>
        <line num="35" type="stmt" count="1"/>
        <line num="36" type="stmt" count="1"/>
        <line num="37" type="stmt" count="1"/>
        <line num="38" type="stmt" count="1"/>
        <line num="39" type="stmt" count="1"/>
        <line num="40" type="stmt" count="1"/>
        <line num="41" type="stmt" count="1"/>
        <line num="42" type="stmt" count="1"/>
        <line num="43" type="stmt" count="1"/>
        <line num="46" type="method" name="update" crap="1" count="1"/>
        <line num="48" type="stmt" count="1"/>
        <line num="50" type="stmt" count="1"/>
        <line num="52" type="stmt" count="1"/>
        <line num="53" type="stmt" count="1"/>
        <line num="54" type="stmt" count="1"/>
        <line num="55" type="stmt" count="1"/>
        <line num="56" type="stmt" count="1"/>
        <line num="57" type="stmt" count="1"/>
        <line num="58" type="stmt" count="1"/>
        <line num="59" type="stmt" count="1"/>
        <line num="60" type="stmt" count="1"/>
        <line num="61" type="stmt" count="1"/>
        <line num="62" type="stmt" count="1"/>
        <line num="63" type="stmt" count="1"/>
        <line num="64" type="stmt" count="1"/>
        <metrics loc="66" ncloc="66" classes="1" methods="4" coveredmethods="4" conditionals="0" coveredconditionals="0" statements="34" coveredstatements="34" elements="38" coveredelements="38"/>
      </file>
      <file name="/home/forlinux/projects/4502-PHP/ProjetoFinal/DexterService/application/Models/DataMapper/Destaque.php">
        <class name="Destaque" namespace="DexterService\Models\DataMapper">
          <metrics methods="4" coveredmethods="4" conditionals="0" coveredconditionals="0" statements="20" coveredstatements="20" elements="24" coveredelements="24"/>
        </class>
        <line num="10" type="method" name="fetchAll" crap="1" count="1"/>
        <line num="12" type="stmt" count="1"/>
        <line num="15" type="method" name="fetchById" crap="2" count="2"/>
        <line num="17" type="stmt" count="2"/>
        <line num="19" type="stmt" count="2"/>
        <line num="20" type="stmt" count="1"/>
        <line num="23" type="stmt" count="1"/>
        <line num="26" type="method" name="insert" crap="1" count="1"/>
        <line num="28" type="stmt" count="1"/>
        <line num="29" type="stmt" count="1"/>
        <line num="31" type="stmt" count="1"/>
        <line num="32" type="stmt" count="1"/>
        <line num="33" type="stmt" count="1"/>
        <line num="34" type="stmt" count="1"/>
        <line num="35" type="stmt" count="1"/>
        <line num="38" type="method" name="update" crap="1" count="1"/>
        <line num="40" type="stmt" count="1"/>
        <line num="41" type="stmt" count="1"/>
        <line num="43" type="stmt" count="1"/>
        <line num="44" type="stmt" count="1"/>
        <line num="45" type="stmt" count="1"/>
        <line num="46" type="stmt" count="1"/>
        <line num="47" type="stmt" count="1"/>
        <line num="48" type="stmt" count="1"/>
        <metrics loc="50" ncloc="50" classes="1" methods="4" coveredmethods="4" conditionals="0" coveredconditionals="0" statements="20" coveredstatements="20" elements="24" coveredelements="24"/>
      </file>
      <file name="/home/forlinux/projects/4502-PHP/ProjetoFinal/DexterService/application/Models/DataMapper/Funcionalidade.php">
        <class name="Funcionalidade" namespace="DexterService\Models\DataMapper">
          <metrics methods="4" coveredmethods="4" conditionals="0" coveredconditionals="0" statements="20" coveredstatements="20" elements="24" coveredelements="24"/>
        </class>
        <line num="10" type="method" name="fetchAll" crap="1" count="1"/>
        <line num="12" type="stmt" count="1"/>
        <line num="15" type="method" name="fetchById" crap="2" count="2"/>
        <line num="17" type="stmt" count="2"/>
        <line num="19" type="stmt" count="2"/>
        <line num="20" type="stmt" count="1"/>
        <line num="23" type="stmt" count="1"/>
        <line num="26" type="method" name="insert" crap="1" count="1"/>
        <line num="28" type="stmt" count="1"/>
        <line num="29" type="stmt" count="1"/>
        <line num="31" type="stmt" count="1"/>
        <line num="32" type="stmt" count="1"/>
        <line num="33" type="stmt" count="1"/>
        <line num="34" type="stmt" count="1"/>
        <line num="35" type="stmt" count="1"/>
        <line num="38" type="method" name="update" crap="1" count="1"/>
        <line num="40" type="stmt" count="1"/>
        <line num="41" type="stmt" count="1"/>
        <line num="43" type="stmt" count="1"/>
        <line num="44" type="stmt" count="1"/>
        <line num="45" type="stmt" count="1"/>
        <line num="46" type="stmt" count="1"/>
        <line num="47" type="stmt" count="1"/>
        <line num="48" type="stmt" count="1"/>
        <metrics loc="50" ncloc="50" classes="1" methods="4" coveredmethods="4" conditionals="0" coveredconditionals="0" statements="20" coveredstatements="20" elements="24" coveredelements="24"/>
      </file>
      <file name="/home/forlinux/projects/4502-PHP/ProjetoFinal/DexterService/application/Models/DataMapper/Mensagem.php">
        <class name="Mensagem" namespace="DexterService\Models\DataMapper">
          <metrics methods="4" coveredmethods="4" conditionals="0" coveredconditionals="0" statements="18" coveredstatements="18" elements="22" coveredelements="22"/>
        </class>
        <line num="10" type="method" name="fetchAll" crap="1" count="1"/>
        <line num="12" type="stmt" count="1"/>
        <line num="15" type="method" name="fetchById" crap="2" count="2"/>
        <line num="17" type="stmt" count="2"/>
        <line num="19" type="stmt" count="2"/>
        <line num="20" type="stmt" count="1"/>
        <line num="23" type="stmt" count="1"/>
        <line num="26" type="method" name="insert" crap="1" count="1"/>
        <line num="28" type="stmt" count="1"/>
        <line num="29" type="stmt" count="1"/>
        <line num="30" type="stmt" count="1"/>
        <line num="31" type="stmt" count="1"/>
        <line num="34" type="method" name="update" crap="1" count="1"/>
        <line num="36" type="stmt" count="1"/>
        <line num="37" type="stmt" count="1"/>
        <line num="39" type="stmt" count="1"/>
        <line num="40" type="stmt" count="1"/>
        <line num="41" type="stmt" count="1"/>
        <line num="42" type="stmt" count="1"/>
        <line num="43" type="stmt" count="1"/>
        <line num="44" type="stmt" count="1"/>
        <line num="45" type="stmt" count="1"/>
        <metrics loc="47" ncloc="47" classes="1" methods="4" coveredmethods="4" conditionals="0" coveredconditionals="0" statements="18" coveredstatements="18" elements="22" coveredelements="22"/>
      </file>
      <file name="/home/forlinux/projects/4502-PHP/ProjetoFinal/DexterService/application/Models/DataMapper/Servico.php">
        <class name="Servico" namespace="DexterService\Models\DataMapper">
          <metrics methods="4" coveredmethods="4" conditionals="0" coveredconditionals="0" statements="22" coveredstatements="22" elements="26" coveredelements="26"/>
        </class>
        <line num="10" type="method" name="fetchAll" crap="1" count="1"/>
        <line num="12" type="stmt" count="1"/>
        <line num="15" type="method" name="fetchById" crap="2" count="2"/>
        <line num="17" type="stmt" count="2"/>
        <line num="19" type="stmt" count="2"/>
        <line num="20" type="stmt" count="1"/>
        <line num="23" type="stmt" count="1"/>
        <line num="26" type="method" name="insert" crap="2" count="1"/>
        <line num="28" type="stmt" count="1"/>
        <line num="29" type="stmt" count="1"/>
        <line num="31" type="stmt" count="1"/>
        <line num="32" type="stmt" count="1"/>
        <line num="33" type="stmt" count="1"/>
        <line num="34" type="stmt" count="1"/>
        <line num="35" type="stmt" count="1"/>
        <line num="36" type="stmt" count="1"/>
        <line num="39" type="method" name="update" crap="2" count="1"/>
        <line num="41" type="stmt" count="1"/>
        <line num="42" type="stmt" count="1"/>
        <line num="44" type="stmt" count="1"/>
        <line num="45" type="stmt" count="1"/>
        <line num="46" type="stmt" count="1"/>
        <line num="47" type="stmt" count="1"/>
        <line num="48" type="stmt" count="1"/>
        <line num="49" type="stmt" count="1"/>
        <line num="50" type="stmt" count="1"/>
        <metrics loc="52" ncloc="52" classes="1" methods="4" coveredmethods="4" conditionals="0" coveredconditionals="0" statements="22" coveredstatements="22" elements="26" coveredelements="26"/>
      </file>
      <file name="/home/forlinux/projects/4502-PHP/ProjetoFinal/DexterService/application/Models/DataMapper/User.php">
        <class name="User" namespace="DexterService\Models\DataMapper">
          <metrics methods="4" coveredmethods="4" conditionals="0" coveredconditionals="0" statements="13" coveredstatements="13" elements="17" coveredelements="17"/>
        </class>
        <line num="10" type="method" name="fetchAll" crap="1" count="1"/>
        <line num="12" type="stmt" count="1"/>
        <line num="15" type="method" name="fetchById" crap="2" count="2"/>
        <line num="17" type="stmt" count="2"/>
        <line num="19" type="stmt" count="2"/>
        <line num="20" type="stmt" count="1"/>
        <line num="23" type="stmt" count="1"/>
        <line num="26" type="method" name="insert" crap="1" count="1"/>
        <line num="28" type="stmt" count="1"/>
        <line num="29" type="stmt" count="1"/>
        <line num="30" type="stmt" count="1"/>
        <line num="31" type="stmt" count="1"/>
        <line num="34" type="method" name="update" crap="1" count="1"/>
        <line num="36" type="stmt" count="1"/>
        <line num="37" type="stmt" count="1"/>
        <line num="38" type="stmt" count="1"/>
        <line num="39" type="stmt" count="1"/>
        <metrics loc="41" ncloc="41" classes="1" methods="4" coveredmethods="4" conditionals="0" coveredconditionals="0" statements="13" coveredstatements="13" elements="17" coveredelements="17"/>
      </file>
    </package>
    <package name="DexterService\Models\Entity">
      <file name="/home/forlinux/projects/4502-PHP/ProjetoFinal/DexterService/application/Models/Entity/Cliente.php">
        <class name="Cliente" namespace="DexterService\Models\Entity">
          <metrics methods="22" coveredmethods="21" conditionals="0" coveredconditionals="0" statements="50" coveredstatements="49" elements="72" coveredelements="70"/>
        </class>
        <line num="21" type="method" name="getId" crap="1" count="6"/>
        <line num="23" type="stmt" count="6"/>
        <line num="26" type="method" name="setId" crap="2" count="10"/>
        <line num="28" type="stmt" count="10"/>
        <line num="29" type="stmt" count="3"/>
        <line num="32" type="stmt" count="7"/>
        <line num="33" type="stmt" count="7"/>
        <line num="36" type="method" name="getNome" crap="1" count="6"/>
        <line num="38" type="stmt" count="6"/>
        <line num="41" type="method" name="setNome" crap="2" count="11"/>
        <line num="43" type="stmt" count="11"/>
        <line num="44" type="stmt" count="4"/>
        <line num="47" type="stmt" count="7"/>
        <line num="48" type="stmt" count="7"/>
        <line num="51" type="method" name="getCpfCnpj" crap="1" count="5"/>
        <line num="53" type="stmt" count="5"/>
        <line num="56" type="method" name="setCpfCnpj" crap="1" count="7"/>
        <line num="58" type="stmt" count="7"/>
        <line num="59" type="stmt" count="7"/>
        <line num="62" type="method" name="getTelefone" crap="1" count="5"/>
        <line num="64" type="stmt" count="5"/>
        <line num="67" type="method" name="setTelefone" crap="2" count="10"/>
        <line num="69" type="stmt" count="10"/>
        <line num="70" type="stmt" count="3"/>
        <line num="73" type="stmt" count="7"/>
        <line num="74" type="stmt" count="7"/>
        <line num="77" type="method" name="getCelular" crap="1" count="5"/>
        <line num="79" type="stmt" count="5"/>
        <line num="82" type="method" name="setCelular" crap="2" count="10"/>
        <line num="84" type="stmt" count="10"/>
        <line num="85" type="stmt" count="3"/>
        <line num="88" type="stmt" count="7"/>
        <line num="89" type="stmt" count="7"/>
        <line num="92" type="method" name="getEmail" crap="1" count="7"/>
        <line num="94" type="stmt" count="7"/>
        <line num="97" type="method" name="setEmail" crap="2" count="11"/>
        <line num="99" type="stmt" count="11"/>
        <line num="100" type="stmt" count="3"/>
        <line num="103" type="stmt" count="8"/>
        <line num="104" type="stmt" count="8"/>
        <line num="107" type="method" name="getCep" crap="1" count="5"/>
        <line num="109" type="stmt" count="5"/>
        <line num="112" type="method" name="setCep" crap="3.03" count="10"/>
        <line num="114" type="stmt" count="10"/>
        <line num="115" type="stmt" count="3"/>
        <line num="116" type="stmt" count="3"/>
        <line num="118" type="stmt" count="3"/>
        <line num="119" type="stmt" count="0"/>
        <line num="121" type="stmt" count="7"/>
        <line num="122" type="stmt" count="7"/>
        <line num="125" type="method" name="getEstado" crap="1" count="5"/>
        <line num="127" type="stmt" count="5"/>
        <line num="130" type="method" name="setEstado" crap="2" count="10"/>
        <line num="132" type="stmt" count="10"/>
        <line num="133" type="stmt" count="3"/>
        <line num="136" type="stmt" count="7"/>
        <line num="137" type="stmt" count="7"/>
        <line num="140" type="method" name="getBairro" crap="1" count="5"/>
        <line num="142" type="stmt" count="5"/>
        <line num="145" type="method" name="setBairro" crap="1" count="7"/>
        <line num="147" type="stmt" count="7"/>
        <line num="148" type="stmt" count="7"/>
        <line num="151" type="method" name="getEndereco" crap="1" count="5"/>
        <line num="153" type="stmt" count="5"/>
        <line num="156" type="method" name="setEndereco" crap="1" count="7"/>
        <line num="158" type="stmt" count="7"/>
        <line num="159" type="stmt" count="7"/>
        <line num="162" type="method" name="getCidade" crap="1" count="5"/>
        <line num="164" type="stmt" count="5"/>
        <line num="167" type="method" name="setCidade" crap="1" count="7"/>
        <line num="169" type="stmt" count="7"/>
        <line num="170" type="stmt" count="7"/>
        <metrics loc="172" ncloc="172" classes="1" methods="22" coveredmethods="21" conditionals="0" coveredconditionals="0" statements="50" coveredstatements="49" elements="72" coveredelements="70"/>
      </file>
      <file name="/home/forlinux/projects/4502-PHP/ProjetoFinal/DexterService/application/Models/Entity/Destaque.php">
        <class name="Destaque" namespace="DexterService\Models\Entity">
          <metrics methods="8" coveredmethods="8" conditionals="0" coveredconditionals="0" statements="18" coveredstatements="18" elements="26" coveredelements="26"/>
        </class>
        <line num="14" type="method" name="getId" crap="1" count="6"/>
        <line num="16" type="stmt" count="6"/>
        <line num="19" type="method" name="setId" crap="2" count="10"/>
        <line num="21" type="stmt" count="10"/>
        <line num="22" type="stmt" count="3"/>
        <line num="25" type="stmt" count="7"/>
        <line num="26" type="stmt" count="7"/>
        <line num="29" type="method" name="getImagem" crap="1" count="6"/>
        <line num="31" type="stmt" count="6"/>
        <line num="34" type="method" name="setImagem" crap="2" count="11"/>
        <line num="36" type="stmt" count="11"/>
        <line num="37" type="stmt" count="3"/>
        <line num="40" type="stmt" count="8"/>
        <line num="41" type="stmt" count="8"/>
        <line num="44" type="method" name="getTitulo" crap="1" count="6"/>
        <line num="46" type="stmt" count="6"/>
        <line num="49" type="method" name="setTitulo" crap="2" count="11"/>
        <line num="51" type="stmt" count="11"/>
        <line num="52" type="stmt" count="4"/>
        <line num="55" type="stmt" count="7"/>
        <line num="56" type="stmt" count="7"/>
        <line num="59" type="method" name="getDescricao" crap="1" count="6"/>
        <line num="61" type="stmt" count="6"/>
        <line num="64" type="method" name="setDescricao" crap="1" count="7"/>
        <line num="66" type="stmt" count="7"/>
        <line num="67" type="stmt" count="7"/>
        <metrics loc="69" ncloc="69" classes="1" methods="8" coveredmethods="8" conditionals="0" coveredconditionals="0" statements="18" coveredstatements="18" elements="26" coveredelements="26"/>
      </file>
      <file name="/home/forlinux/projects/4502-PHP/ProjetoFinal/DexterService/application/Models/Entity/Funcionalidade.php">
        <class name="Funcionalidade" namespace="DexterService\Models\Entity">
          <metrics methods="8" coveredmethods="8" conditionals="0" coveredconditionals="0" statements="18" coveredstatements="18" elements="26" coveredelements="26"/>
        </class>
        <line num="14" type="method" name="getId" crap="1" count="6"/>
        <line num="16" type="stmt" count="6"/>
        <line num="19" type="method" name="setId" crap="2" count="10"/>
        <line num="21" type="stmt" count="10"/>
        <line num="22" type="stmt" count="3"/>
        <line num="25" type="stmt" count="7"/>
        <line num="26" type="stmt" count="7"/>
        <line num="29" type="method" name="getImagem" crap="1" count="6"/>
        <line num="31" type="stmt" count="6"/>
        <line num="34" type="method" name="setImagem" crap="2" count="11"/>
        <line num="36" type="stmt" count="11"/>
        <line num="37" type="stmt" count="3"/>
        <line num="40" type="stmt" count="8"/>
        <line num="41" type="stmt" count="8"/>
        <line num="44" type="method" name="getTitulo" crap="1" count="6"/>
        <line num="46" type="stmt" count="6"/>
        <line num="49" type="method" name="setTitulo" crap="2" count="11"/>
        <line num="51" type="stmt" count="11"/>
        <line num="52" type="stmt" count="4"/>
        <line num="55" type="stmt" count="7"/>
        <line num="56" type="stmt" count="7"/>
        <line num="59" type="method" name="getDescricao" crap="1" count="6"/>
        <line num="61" type="stmt" count="6"/>
        <line num="64" type="method" name="setDescricao" crap="1" count="7"/>
        <line num="66" type="stmt" count="7"/>
        <line num="67" type="stmt" count="7"/>
        <metrics loc="69" ncloc="69" classes="1" methods="8" coveredmethods="8" conditionals="0" coveredconditionals="0" statements="18" coveredstatements="18" elements="26" coveredelements="26"/>
      </file>
      <file name="/home/forlinux/projects/4502-PHP/ProjetoFinal/DexterService/application/Models/Entity/Mensagem.php">
        <class name="Mensagem" namespace="DexterService\Models\Entity">
          <metrics methods="10" coveredmethods="10" conditionals="0" coveredconditionals="0" statements="21" coveredstatements="21" elements="31" coveredelements="31"/>
        </class>
        <line num="15" type="method" name="getId" crap="1" count="6"/>
        <line num="17" type="stmt" count="6"/>
        <line num="20" type="method" name="setId" crap="2" count="10"/>
        <line num="22" type="stmt" count="10"/>
        <line num="23" type="stmt" count="3"/>
        <line num="26" type="stmt" count="7"/>
        <line num="27" type="stmt" count="7"/>
        <line num="30" type="method" name="getNome" crap="1" count="6"/>
        <line num="32" type="stmt" count="6"/>
        <line num="35" type="method" name="setNome" crap="2" count="11"/>
        <line num="37" type="stmt" count="11"/>
        <line num="38" type="stmt" count="4"/>
        <line num="41" type="stmt" count="7"/>
        <line num="42" type="stmt" count="7"/>
        <line num="45" type="method" name="getEmail" crap="1" count="7"/>
        <line num="47" type="stmt" count="7"/>
        <line num="50" type="method" name="setEmail" crap="2" count="11"/>
        <line num="52" type="stmt" count="11"/>
        <line num="53" type="stmt" count="3"/>
        <line num="56" type="stmt" count="8"/>
        <line num="57" type="stmt" count="8"/>
        <line num="60" type="method" name="getAssunto" crap="1" count="5"/>
        <line num="62" type="stmt" count="5"/>
        <line num="65" type="method" name="setAssunto" crap="1" count="7"/>
        <line num="67" type="stmt" count="7"/>
        <line num="68" type="stmt" count="7"/>
        <line num="71" type="method" name="getMensagem" crap="1" count="5"/>
        <line num="73" type="stmt" count="5"/>
        <line num="76" type="method" name="setMensagem" crap="1" count="7"/>
        <line num="78" type="stmt" count="7"/>
        <line num="79" type="stmt" count="7"/>
        <metrics loc="81" ncloc="81" classes="1" methods="10" coveredmethods="10" conditionals="0" coveredconditionals="0" statements="21" coveredstatements="21" elements="31" coveredelements="31"/>
      </file>
      <file name="/home/forlinux/projects/4502-PHP/ProjetoFinal/DexterService/application/Models/Entity/Servico.php">
        <class name="Servico" namespace="DexterService\Models\Entity">
          <metrics methods="10" coveredmethods="10" conditionals="0" coveredconditionals="0" statements="21" coveredstatements="21" elements="31" coveredelements="31"/>
        </class>
        <line num="15" type="method" name="getId" crap="1" count="7"/>
        <line num="17" type="stmt" count="7"/>
        <line num="20" type="method" name="setId" crap="2" count="11"/>
        <line num="22" type="stmt" count="11"/>
        <line num="23" type="stmt" count="3"/>
        <line num="26" type="stmt" count="8"/>
        <line num="27" type="stmt" count="8"/>
        <line num="30" type="method" name="getImagem" crap="1" count="6"/>
        <line num="32" type="stmt" count="6"/>
        <line num="35" type="method" name="setImagem" crap="2" count="12"/>
        <line num="37" type="stmt" count="12"/>
        <line num="38" type="stmt" count="3"/>
        <line num="41" type="stmt" count="9"/>
        <line num="42" type="stmt" count="9"/>
        <line num="45" type="method" name="getTitulo" crap="1" count="7"/>
        <line num="47" type="stmt" count="7"/>
        <line num="50" type="method" name="setTitulo" crap="2" count="12"/>
        <line num="52" type="stmt" count="12"/>
        <line num="53" type="stmt" count="4"/>
        <line num="56" type="stmt" count="8"/>
        <line num="57" type="stmt" count="8"/>
        <line num="60" type="method" name="getDescricao" crap="1" count="7"/>
        <line num="62" type="stmt" count="7"/>
        <line num="65" type="method" name="setDescricao" crap="1" count="8"/>
        <line num="67" type="stmt" count="8"/>
        <line num="68" type="stmt" count="8"/>
        <line num="71" type="method" name="getShowHome" crap="2" count="4"/>
        <line num="73" type="stmt" count="4"/>
        <line num="76" type="method" name="setShowHome" crap="1" count="7"/>
        <line num="78" type="stmt" count="7"/>
        <line num="79" type="stmt" count="7"/>
        <metrics loc="81" ncloc="81" classes="1" methods="10" coveredmethods="10" conditionals="0" coveredconditionals="0" statements="21" coveredstatements="21" elements="31" coveredelements="31"/>
      </file>
      <file name="/home/forlinux/projects/4502-PHP/ProjetoFinal/DexterService/application/Models/Entity/User.php">
        <class name="User" namespace="DexterService\Models\Entity">
          <metrics methods="6" coveredmethods="6" conditionals="0" coveredconditionals="0" statements="11" coveredstatements="11" elements="17" coveredelements="17"/>
        </class>
        <line num="13" type="method" name="getId" crap="1" count="5"/>
        <line num="15" type="stmt" count="5"/>
        <line num="18" type="method" name="setId" crap="2" count="10"/>
        <line num="20" type="stmt" count="10"/>
        <line num="21" type="stmt" count="3"/>
        <line num="24" type="stmt" count="7"/>
        <line num="25" type="stmt" count="7"/>
        <line num="28" type="method" name="getLogin" crap="1" count="5"/>
        <line num="30" type="stmt" count="5"/>
        <line num="33" type="method" name="setLogin" crap="1" count="7"/>
        <line num="35" type="stmt" count="7"/>
        <line num="36" type="stmt" count="7"/>
        <line num="39" type="method" name="getSenha" crap="1" count="4"/>
        <line num="41" type="stmt" count="4"/>
        <line num="44" type="method" name="setSenha" crap="1" count="5"/>
        <line num="46" type="stmt" count="5"/>
        <line num="47" type="stmt" count="5"/>
        <metrics loc="49" ncloc="49" classes="1" methods="6" coveredmethods="6" conditionals="0" coveredconditionals="0" statements="11" coveredstatements="11" elements="17" coveredelements="17"/>
      </file>
    </package>
    <package name="DexterService\Models\Exceptions">
      <file name="/home/forlinux/projects/4502-PHP/ProjetoFinal/DexterService/application/Models/Exceptions/InvalidUserOrPasswordException.php">
        <class name="InvalidUserOrPasswordException" namespace="DexterService\Models\Exceptions">
          <metrics methods="0" coveredmethods="0" conditionals="0" coveredconditionals="0" statements="0" coveredstatements="0" elements="0" coveredelements="0"/>
        </class>
        <metrics loc="10" ncloc="7" classes="1" methods="0" coveredmethods="0" conditionals="0" coveredconditionals="0" statements="0" coveredstatements="0" elements="0" coveredelements="0"/>
      </file>
    </package>
    <package name="DexterService\Models\Service">
      <file name="/home/forlinux/projects/4502-PHP/ProjetoFinal/DexterService/application/Models/Service/Cliente.php">
        <class name="Cliente" namespace="DexterService\Models\Service">
          <metrics methods="5" coveredmethods="4" conditionals="0" coveredconditionals="0" statements="61" coveredstatements="59" elements="66" coveredelements="63"/>
        </class>
        <line num="17" type="method" name="getCliente" crap="1" count="1"/>
        <line num="19" type="stmt" count="1"/>
        <line num="20" type="stmt" count="1"/>
        <line num="21" type="stmt" count="1"/>
        <line num="24" type="method" name="getClientes" crap="2" count="1"/>
        <line num="26" type="stmt" count="1"/>
        <line num="27" type="stmt" count="1"/>
        <line num="28" type="stmt" count="1"/>
        <line num="29" type="stmt" count="1"/>
        <line num="30" type="stmt" count="1"/>
        <line num="31" type="stmt" count="1"/>
        <line num="32" type="stmt" count="1"/>
        <line num="33" type="stmt" count="1"/>
        <line num="34" type="stmt" count="1"/>
        <line num="35" type="stmt" count="1"/>
        <line num="36" type="stmt" count="1"/>
        <line num="37" type="stmt" count="1"/>
        <line num="38" type="stmt" count="1"/>
        <line num="39" type="stmt" count="1"/>
        <line num="40" type="stmt" count="1"/>
        <line num="41" type="stmt" count="1"/>
        <line num="42" type="stmt" count="1"/>
        <line num="43" type="stmt" count="1"/>
        <line num="44" type="stmt" count="1"/>
        <line num="47" type="method" name="save" crap="4.00" count="2"/>
        <line num="49" type="stmt" count="2"/>
        <line num="50" type="stmt" count="0"/>
        <line num="51" type="stmt" count="0"/>
        <line num="52" type="stmt" count="2"/>
        <line num="53" type="stmt" count="1"/>
        <line num="54" type="stmt" count="1"/>
        <line num="55" type="stmt" count="1"/>
        <line num="56" type="stmt" count="1"/>
        <line num="57" type="stmt" count="1"/>
        <line num="58" type="stmt" count="1"/>
        <line num="59" type="stmt" count="1"/>
        <line num="60" type="stmt" count="1"/>
        <line num="61" type="stmt" count="1"/>
        <line num="62" type="stmt" count="1"/>
        <line num="63" type="stmt" count="1"/>
        <line num="64" type="stmt" count="1"/>
        <line num="66" type="stmt" count="1"/>
        <line num="67" type="stmt" count="1"/>
        <line num="68" type="stmt" count="1"/>
        <line num="69" type="stmt" count="1"/>
        <line num="70" type="stmt" count="1"/>
        <line num="71" type="stmt" count="1"/>
        <line num="72" type="stmt" count="1"/>
        <line num="73" type="stmt" count="1"/>
        <line num="74" type="stmt" count="1"/>
        <line num="75" type="stmt" count="1"/>
        <line num="76" type="stmt" count="1"/>
        <line num="77" type="stmt" count="1"/>
        <line num="78" type="stmt" count="1"/>
        <line num="79" type="stmt" count="1"/>
        <line num="80" type="stmt" count="1"/>
        <line num="81" type="stmt" count="1"/>
        <line num="83" type="stmt" count="2"/>
        <line num="85" type="method" name="getClienteMapper" crap="2" count="6"/>
        <line num="87" type="stmt" count="6"/>
        <line num="88" type="stmt" count="1"/>
        <line num="89" type="stmt" count="1"/>
        <line num="90" type="stmt" count="6"/>
        <line num="93" type="method" name="setClienteMapper" crap="1" count="5"/>
        <line num="95" type="stmt" count="5"/>
        <line num="96" type="stmt" count="5"/>
        <metrics loc="98" ncloc="95" classes="1" methods="5" coveredmethods="4" conditionals="0" coveredconditionals="0" statements="61" coveredstatements="59" elements="66" coveredelements="63"/>
      </file>
      <file name="/home/forlinux/projects/4502-PHP/ProjetoFinal/DexterService/application/Models/Service/Contato.php">
        <class name="Contato" namespace="DexterService\Models\Service">
          <metrics methods="3" coveredmethods="0" conditionals="0" coveredconditionals="0" statements="7" coveredstatements="0" elements="10" coveredelements="0"/>
        </class>
        <line num="13" type="method" name="getMensagemMapper" crap="6" count="0"/>
        <line num="15" type="stmt" count="0"/>
        <line num="16" type="stmt" count="0"/>
        <line num="17" type="stmt" count="0"/>
        <line num="18" type="stmt" count="0"/>
        <line num="21" type="method" name="setMensagemMapper" crap="2" count="0"/>
        <line num="23" type="stmt" count="0"/>
        <line num="24" type="stmt" count="0"/>
        <line num="27" type="method" name="save" crap="2" count="0"/>
        <line num="29" type="stmt" count="0"/>
        <metrics loc="31" ncloc="31" classes="1" methods="3" coveredmethods="0" conditionals="0" coveredconditionals="0" statements="7" coveredstatements="0" elements="10" coveredelements="0"/>
      </file>
      <file name="/home/forlinux/projects/4502-PHP/ProjetoFinal/DexterService/application/Models/Service/Destaque.php">
        <class name="Destaque" namespace="DexterService\Models\Service">
          <metrics methods="5" coveredmethods="5" conditionals="0" coveredconditionals="0" statements="36" coveredstatements="36" elements="41" coveredelements="41"/>
        </class>
        <line num="17" type="method" name="getDestaque" crap="1" count="1"/>
        <line num="19" type="stmt" count="1"/>
        <line num="20" type="stmt" count="1"/>
        <line num="21" type="stmt" count="1"/>
        <line num="24" type="method" name="getDestaques" crap="2" count="1"/>
        <line num="26" type="stmt" count="1"/>
        <line num="27" type="stmt" count="1"/>
        <line num="28" type="stmt" count="1"/>
        <line num="29" type="stmt" count="1"/>
        <line num="30" type="stmt" count="1"/>
        <line num="31" type="stmt" count="1"/>
        <line num="32" type="stmt" count="1"/>
        <line num="33" type="stmt" count="1"/>
        <line num="34" type="stmt" count="1"/>
        <line num="35" type="stmt" count="1"/>
        <line num="36" type="stmt" count="1"/>
        <line num="39" type="method" name="save" crap="2" count="2"/>
        <line num="42" type="stmt" count="2"/>
        <line num="43" type="stmt" count="1"/>
        <line num="44" type="stmt" count="1"/>
        <line num="45" type="stmt" count="1"/>
        <line num="46" type="stmt" count="1"/>
        <line num="47" type="stmt" count="1"/>
        <line num="49" type="stmt" count="1"/>
        <line num="50" type="stmt" count="1"/>
        <line num="51" type="stmt" count="1"/>
        <line num="52" type="stmt" count="1"/>
        <line num="53" type="stmt" count="1"/>
        <line num="54" type="stmt" count="1"/>
        <line num="55" type="stmt" count="1"/>
        <line num="56" type="stmt" count="1"/>
        <line num="57" type="stmt" count="1"/>
        <line num="59" type="stmt" count="2"/>
        <line num="61" type="method" name="getDestaqueMapper" crap="2" count="6"/>
        <line num="63" type="stmt" count="6"/>
        <line num="64" type="stmt" count="1"/>
        <line num="65" type="stmt" count="1"/>
        <line num="66" type="stmt" count="6"/>
        <line num="69" type="method" name="setDestaqueMapper" crap="1" count="5"/>
        <line num="71" type="stmt" count="5"/>
        <line num="72" type="stmt" count="5"/>
        <metrics loc="74" ncloc="71" classes="1" methods="5" coveredmethods="5" conditionals="0" coveredconditionals="0" statements="36" coveredstatements="36" elements="41" coveredelements="41"/>
      </file>
      <file name="/home/forlinux/projects/4502-PHP/ProjetoFinal/DexterService/application/Models/Service/Estado.php">
        <class name="Estado" namespace="DexterService\Models\Service">
          <metrics methods="1" coveredmethods="0" conditionals="0" coveredconditionals="0" statements="29" coveredstatements="0" elements="30" coveredelements="0"/>
        </class>
        <line num="14" type="method" name="getEstados" crap="2" count="0"/>
        <line num="17" type="stmt" count="0"/>
        <line num="18" type="stmt" count="0"/>
        <line num="19" type="stmt" count="0"/>
        <line num="20" type="stmt" count="0"/>
        <line num="21" type="stmt" count="0"/>
        <line num="22" type="stmt" count="0"/>
        <line num="23" type="stmt" count="0"/>
        <line num="24" type="stmt" count="0"/>
        <line num="25" type="stmt" count="0"/>
        <line num="26" type="stmt" count="0"/>
        <line num="27" type="stmt" count="0"/>
        <line num="28" type="stmt" count="0"/>
        <line num="29" type="stmt" count="0"/>
        <line num="30" type="stmt" count="0"/>
        <line num="31" type="stmt" count="0"/>
        <line num="32" type="stmt" count="0"/>
        <line num="33" type="stmt" count="0"/>
        <line num="34" type="stmt" count="0"/>
        <line num="35" type="stmt" count="0"/>
        <line num="36" type="stmt" count="0"/>
        <line num="37" type="stmt" count="0"/>
        <line num="38" type="stmt" count="0"/>
        <line num="39" type="stmt" count="0"/>
        <line num="40" type="stmt" count="0"/>
        <line num="41" type="stmt" count="0"/>
        <line num="42" type="stmt" count="0"/>
        <line num="44" type="stmt" count="0"/>
        <line num="45" type="stmt" count="0"/>
        <line num="46" type="stmt" count="0"/>
        <metrics loc="48" ncloc="45" classes="1" methods="1" coveredmethods="0" conditionals="0" coveredconditionals="0" statements="29" coveredstatements="0" elements="30" coveredelements="0"/>
      </file>
      <file name="/home/forlinux/projects/4502-PHP/ProjetoFinal/DexterService/application/Models/Service/Funcionalidade.php">
        <class name="Funcionalidade" namespace="DexterService\Models\Service">
          <metrics methods="5" coveredmethods="5" conditionals="0" coveredconditionals="0" statements="36" coveredstatements="36" elements="41" coveredelements="41"/>
        </class>
        <line num="17" type="method" name="getFuncionalidade" crap="1" count="1"/>
        <line num="19" type="stmt" count="1"/>
        <line num="20" type="stmt" count="1"/>
        <line num="21" type="stmt" count="1"/>
        <line num="24" type="method" name="getFuncionalidades" crap="2" count="1"/>
        <line num="26" type="stmt" count="1"/>
        <line num="27" type="stmt" count="1"/>
        <line num="28" type="stmt" count="1"/>
        <line num="29" type="stmt" count="1"/>
        <line num="30" type="stmt" count="1"/>
        <line num="31" type="stmt" count="1"/>
        <line num="32" type="stmt" count="1"/>
        <line num="33" type="stmt" count="1"/>
        <line num="34" type="stmt" count="1"/>
        <line num="35" type="stmt" count="1"/>
        <line num="36" type="stmt" count="1"/>
        <line num="39" type="method" name="save" crap="2" count="2"/>
        <line num="42" type="stmt" count="2"/>
        <line num="43" type="stmt" count="1"/>
        <line num="44" type="stmt" count="1"/>
        <line num="45" type="stmt" count="1"/>
        <line num="46" type="stmt" count="1"/>
        <line num="47" type="stmt" count="1"/>
        <line num="49" type="stmt" count="1"/>
        <line num="50" type="stmt" count="1"/>
        <line num="51" type="stmt" count="1"/>
        <line num="52" type="stmt" count="1"/>
        <line num="53" type="stmt" count="1"/>
        <line num="54" type="stmt" count="1"/>
        <line num="55" type="stmt" count="1"/>
        <line num="56" type="stmt" count="1"/>
        <line num="57" type="stmt" count="1"/>
        <line num="59" type="stmt" count="2"/>
        <line num="61" type="method" name="getFuncionalidadeMapper" crap="2" count="6"/>
        <line num="63" type="stmt" count="6"/>
        <line num="64" type="stmt" count="1"/>
        <line num="65" type="stmt" count="1"/>
        <line num="66" type="stmt" count="6"/>
        <line num="69" type="method" name="setFuncionalidadeMapper" crap="1" count="5"/>
        <line num="71" type="stmt" count="5"/>
        <line num="72" type="stmt" count="5"/>
        <metrics loc="74" ncloc="71" classes="1" methods="5" coveredmethods="5" conditionals="0" coveredconditionals="0" statements="36" coveredstatements="36" elements="41" coveredelements="41"/>
      </file>
      <file name="/home/forlinux/projects/4502-PHP/ProjetoFinal/DexterService/application/Models/Service/Mensagem.php">
        <class name="Mensagem" namespace="DexterService\Models\Service">
          <metrics methods="5" coveredmethods="5" conditionals="0" coveredconditionals="0" statements="39" coveredstatements="39" elements="44" coveredelements="44"/>
        </class>
        <line num="17" type="method" name="getMensagem" crap="1" count="1"/>
        <line num="19" type="stmt" count="1"/>
        <line num="20" type="stmt" count="1"/>
        <line num="21" type="stmt" count="1"/>
        <line num="24" type="method" name="getMensagens" crap="2" count="1"/>
        <line num="26" type="stmt" count="1"/>
        <line num="27" type="stmt" count="1"/>
        <line num="28" type="stmt" count="1"/>
        <line num="29" type="stmt" count="1"/>
        <line num="30" type="stmt" count="1"/>
        <line num="31" type="stmt" count="1"/>
        <line num="32" type="stmt" count="1"/>
        <line num="33" type="stmt" count="1"/>
        <line num="34" type="stmt" count="1"/>
        <line num="35" type="stmt" count="1"/>
        <line num="36" type="stmt" count="1"/>
        <line num="37" type="stmt" count="1"/>
        <line num="40" type="method" name="save" crap="2" count="2"/>
        <line num="42" type="stmt" count="2"/>
        <line num="43" type="stmt" count="1"/>
        <line num="44" type="stmt" count="1"/>
        <line num="45" type="stmt" count="1"/>
        <line num="46" type="stmt" count="1"/>
        <line num="47" type="stmt" count="1"/>
        <line num="48" type="stmt" count="1"/>
        <line num="50" type="stmt" count="1"/>
        <line num="51" type="stmt" count="1"/>
        <line num="52" type="stmt" count="1"/>
        <line num="53" type="stmt" count="1"/>
        <line num="54" type="stmt" count="1"/>
        <line num="55" type="stmt" count="1"/>
        <line num="56" type="stmt" count="1"/>
        <line num="57" type="stmt" count="1"/>
        <line num="58" type="stmt" count="1"/>
        <line num="59" type="stmt" count="1"/>
        <line num="61" type="stmt" count="2"/>
        <line num="63" type="method" name="getMensagemMapper" crap="2" count="6"/>
        <line num="65" type="stmt" count="6"/>
        <line num="66" type="stmt" count="1"/>
        <line num="67" type="stmt" count="1"/>
        <line num="68" type="stmt" count="6"/>
        <line num="71" type="method" name="setmensagemMapper" crap="1" count="5"/>
        <line num="73" type="stmt" count="5"/>
        <line num="74" type="stmt" count="5"/>
        <metrics loc="76" ncloc="73" classes="1" methods="5" coveredmethods="5" conditionals="0" coveredconditionals="0" statements="39" coveredstatements="39" elements="44" coveredelements="44"/>
      </file>
      <file name="/home/forlinux/projects/4502-PHP/ProjetoFinal/DexterService/application/Models/Service/Servico.php">
        <class name="Servico" namespace="DexterService\Models\Service">
          <metrics methods="6" coveredmethods="6" conditionals="0" coveredconditionals="0" statements="53" coveredstatements="53" elements="59" coveredelements="59"/>
        </class>
        <line num="17" type="method" name="getServico" crap="1" count="1"/>
        <line num="19" type="stmt" count="1"/>
        <line num="20" type="stmt" count="1"/>
        <line num="21" type="stmt" count="1"/>
        <line num="24" type="method" name="getAllServicos" crap="2" count="1"/>
        <line num="26" type="stmt" count="1"/>
        <line num="27" type="stmt" count="1"/>
        <line num="28" type="stmt" count="1"/>
        <line num="29" type="stmt" count="1"/>
        <line num="30" type="stmt" count="1"/>
        <line num="31" type="stmt" count="1"/>
        <line num="32" type="stmt" count="1"/>
        <line num="33" type="stmt" count="1"/>
        <line num="34" type="stmt" count="1"/>
        <line num="35" type="stmt" count="1"/>
        <line num="36" type="stmt" count="1"/>
        <line num="37" type="stmt" count="1"/>
        <line num="40" type="method" name="getServicos" crap="3" count="1"/>
        <line num="42" type="stmt" count="1"/>
        <line num="43" type="stmt" count="1"/>
        <line num="44" type="stmt" count="1"/>
        <line num="45" type="stmt" count="1"/>
        <line num="46" type="stmt" count="1"/>
        <line num="47" type="stmt" count="1"/>
        <line num="48" type="stmt" count="1"/>
        <line num="49" type="stmt" count="1"/>
        <line num="50" type="stmt" count="1"/>
        <line num="51" type="stmt" count="1"/>
        <line num="52" type="stmt" count="1"/>
        <line num="53" type="stmt" count="1"/>
        <line num="54" type="stmt" count="1"/>
        <line num="55" type="stmt" count="1"/>
        <line num="58" type="method" name="save" crap="2" count="2"/>
        <line num="60" type="stmt" count="2"/>
        <line num="61" type="stmt" count="1"/>
        <line num="62" type="stmt" count="1"/>
        <line num="63" type="stmt" count="1"/>
        <line num="64" type="stmt" count="1"/>
        <line num="65" type="stmt" count="1"/>
        <line num="66" type="stmt" count="1"/>
        <line num="68" type="stmt" count="1"/>
        <line num="69" type="stmt" count="1"/>
        <line num="70" type="stmt" count="1"/>
        <line num="71" type="stmt" count="1"/>
        <line num="72" type="stmt" count="1"/>
        <line num="73" type="stmt" count="1"/>
        <line num="74" type="stmt" count="1"/>
        <line num="75" type="stmt" count="1"/>
        <line num="76" type="stmt" count="1"/>
        <line num="77" type="stmt" count="1"/>
        <line num="79" type="stmt" count="2"/>
        <line num="81" type="method" name="getServicoMapper" crap="2" count="7"/>
        <line num="83" type="stmt" count="7"/>
        <line num="84" type="stmt" count="1"/>
        <line num="85" type="stmt" count="1"/>
        <line num="86" type="stmt" count="7"/>
        <line num="89" type="method" name="setServicoMapper" crap="1" count="6"/>
        <line num="91" type="stmt" count="6"/>
        <line num="92" type="stmt" count="6"/>
        <metrics loc="94" ncloc="91" classes="1" methods="6" coveredmethods="6" conditionals="0" coveredconditionals="0" statements="53" coveredstatements="53" elements="59" coveredelements="59"/>
      </file>
      <file name="/home/forlinux/projects/4502-PHP/ProjetoFinal/DexterService/application/Models/Service/User.php">
        <class name="User" namespace="DexterService\Models\Service">
          <metrics methods="8" coveredmethods="5" conditionals="0" coveredconditionals="0" statements="44" coveredstatements="37" elements="52" coveredelements="42"/>
        </class>
        <line num="27" type="method" name="__construct" crap="1" count="7"/>
        <line num="29" type="stmt" count="7"/>
        <line num="30" type="stmt" count="7"/>
        <line num="35" type="method" name="login" crap="2" count="0"/>
        <line num="37" type="stmt" count="0"/>
        <line num="38" type="stmt" count="0"/>
        <line num="39" type="stmt" count="0"/>
        <line num="41" type="method" name="logout" crap="2" count="0"/>
        <line num="43" type="stmt" count="0"/>
        <line num="44" type="stmt" count="0"/>
        <line num="45" type="stmt" count="0"/>
        <line num="47" type="method" name="getUser" crap="2.03" count="1"/>
        <line num="49" type="stmt" count="1"/>
        <line num="50" type="stmt" count="1"/>
        <line num="51" type="stmt" count="1"/>
        <line num="52" type="stmt" count="1"/>
        <line num="55" type="stmt" count="0"/>
        <line num="58" type="method" name="getUsers" crap="2" count="1"/>
        <line num="60" type="stmt" count="1"/>
        <line num="61" type="stmt" count="1"/>
        <line num="62" type="stmt" count="1"/>
        <line num="63" type="stmt" count="1"/>
        <line num="64" type="stmt" count="1"/>
        <line num="65" type="stmt" count="1"/>
        <line num="66" type="stmt" count="1"/>
        <line num="67" type="stmt" count="1"/>
        <line num="68" type="stmt" count="1"/>
        <line num="69" type="stmt" count="1"/>
        <line num="72" type="method" name="save" crap="3" count="3"/>
        <line num="75" type="stmt" count="3"/>
        <line num="77" type="stmt" count="2"/>
        <line num="78" type="stmt" count="1"/>
        <line num="81" type="stmt" count="1"/>
        <line num="82" type="stmt" count="1"/>
        <line num="83" type="stmt" count="1"/>
        <line num="84" type="stmt" count="1"/>
        <line num="86" type="stmt" count="1"/>
        <line num="87" type="stmt" count="1"/>
        <line num="88" type="stmt" count="1"/>
        <line num="89" type="stmt" count="1"/>
        <line num="90" type="stmt" count="1"/>
        <line num="91" type="stmt" count="1"/>
        <line num="92" type="stmt" count="1"/>
        <line num="94" type="stmt" count="2"/>
        <line num="96" type="method" name="getUserMapper" crap="2" count="6"/>
        <line num="98" type="stmt" count="6"/>
        <line num="99" type="stmt" count="1"/>
        <line num="100" type="stmt" count="1"/>
        <line num="101" type="stmt" count="6"/>
        <line num="104" type="method" name="setUserMapper" crap="1" count="5"/>
        <line num="106" type="stmt" count="5"/>
        <line num="107" type="stmt" count="5"/>
        <metrics loc="109" ncloc="94" classes="1" methods="8" coveredmethods="5" conditionals="0" coveredconditionals="0" statements="44" coveredstatements="37" elements="52" coveredelements="42"/>
      </file>
    </package>
    <package name="DexterService\Models\Strategy">
      <file name="/home/forlinux/projects/4502-PHP/ProjetoFinal/DexterService/application/Models/Strategy/LoginDatabase.php">
        <class name="LoginDatabase" namespace="DexterService\Models\Strategy">
          <metrics methods="3" coveredmethods="3" conditionals="0" coveredconditionals="0" statements="13" coveredstatements="13" elements="16" coveredelements="16"/>
        </class>
        <line num="18" type="method" name="getDb" crap="2" count="3"/>
        <line num="20" type="stmt" count="3"/>
        <line num="21" type="stmt" count="1"/>
        <line num="22" type="stmt" count="1"/>
        <line num="23" type="stmt" count="3"/>
        <line num="29" type="method" name="setDb" crap="1" count="2"/>
        <line num="31" type="stmt" count="2"/>
        <line num="32" type="stmt" count="2"/>
        <line num="39" type="method" name="login" crap="2" count="2"/>
        <line num="42" type="stmt" count="2"/>
        <line num="43" type="stmt" count="2"/>
        <line num="44" type="stmt" count="2"/>
        <line num="45" type="stmt" count="2"/>
        <line num="46" type="stmt" count="2"/>
        <line num="47" type="stmt" count="1"/>
        <line num="49" type="stmt" count="1"/>
        <metrics loc="50" ncloc="37" classes="1" methods="3" coveredmethods="3" conditionals="0" coveredconditionals="0" statements="13" coveredstatements="13" elements="16" coveredelements="16"/>
      </file>
    </package>
    <file name="/home/forlinux/projects/4502-PHP/ProjetoFinal/DexterService/application/Models/Strategy/LoginStrategy.php">
      <metrics loc="17" ncloc="9" classes="0" methods="0" coveredmethods="0" conditionals="0" coveredconditionals="0" statements="0" coveredstatements="0" elements="0" coveredelements="0"/>
    </file>
    <file name="/home/forlinux/projects/4502-PHP/ProjetoFinal/DexterService/library/Dexter/Auth/Algo.php">
      <metrics loc="8" ncloc="8" classes="0" methods="0" coveredmethods="0" conditionals="0" coveredconditionals="0" statements="0" coveredstatements="0" elements="0" coveredelements="0"/>
    </file>
    <package name="Dexter\Auth\Algo">
      <file name="/home/forlinux/projects/4502-PHP/ProjetoFinal/DexterService/library/Dexter/Auth/Algo/Database.php">
        <class name="Database" namespace="Dexter\Auth\Algo">
          <metrics methods="2" coveredmethods="2" conditionals="0" coveredconditionals="0" statements="14" coveredstatements="14" elements="16" coveredelements="16"/>
        </class>
        <line num="16" type="method" name="__construct" crap="1" count="2"/>
        <line num="18" type="stmt" count="2"/>
        <line num="19" type="stmt" count="2"/>
        <line num="20" type="stmt" count="2"/>
        <line num="21" type="stmt" count="2"/>
        <line num="22" type="stmt" count="2"/>
        <line num="24" type="method" name="login" crap="3" count="2"/>
        <line num="26" type="stmt" count="2"/>
        <line num="27" type="stmt" count="2"/>
        <line num="28" type="stmt" count="2"/>
        <line num="29" type="stmt" count="2"/>
        <line num="31" type="stmt" count="2"/>
        <line num="32" type="stmt" count="2"/>
        <line num="33" type="stmt" count="1"/>
        <line num="35" type="stmt" count="1"/>
        <line num="37" type="stmt" count="1"/>
        <metrics loc="39" ncloc="39" classes="1" methods="2" coveredmethods="2" conditionals="0" coveredconditionals="0" statements="14" coveredstatements="14" elements="16" coveredelements="16"/>
      </file>
    </package>
    <file name="/home/forlinux/projects/4502-PHP/ProjetoFinal/DexterService/library/Dexter/Auth/Auth.php">
      <metrics loc="8" ncloc="8" classes="0" methods="0" coveredmethods="0" conditionals="0" coveredconditionals="0" statements="0" coveredstatements="0" elements="0" coveredelements="0"/>
    </file>
    <package name="Dexter\Auth">
      <file name="/home/forlinux/projects/4502-PHP/ProjetoFinal/DexterService/library/Dexter/Auth/Basic.php">
        <class name="Basic" namespace="Dexter\Auth">
          <metrics methods="4" coveredmethods="3" conditionals="0" coveredconditionals="0" statements="25" coveredstatements="21" elements="29" coveredelements="24"/>
        </class>
        <line num="11" type="method" name="__construct" crap="1" count="6"/>
        <line num="13" type="stmt" count="6"/>
        <line num="14" type="stmt" count="6"/>
        <line num="15" type="stmt" count="6"/>
        <line num="17" type="method" name="login" crap="4" count="7"/>
        <line num="19" type="stmt" count="7"/>
        <line num="20" type="stmt" count="4"/>
        <line num="22" type="stmt" count="3"/>
        <line num="23" type="stmt" count="1"/>
        <line num="24" type="stmt" count="1"/>
        <line num="26" type="stmt" count="2"/>
        <line num="27" type="stmt" count="2"/>
        <line num="28" type="stmt" count="1"/>
        <line num="31" type="stmt" count="3"/>
        <line num="33" type="method" name="acl" crap="7" count="7"/>
        <line num="35" type="stmt" count="7"/>
        <line num="36" type="stmt" count="1"/>
        <line num="38" type="stmt" count="6"/>
        <line num="39" type="stmt" count="1"/>
        <line num="41" type="stmt" count="5"/>
        <line num="42" type="stmt" count="1"/>
        <line num="44" type="stmt" count="4"/>
        <line num="45" type="stmt" count="1"/>
        <line num="47" type="stmt" count="3"/>
        <line num="50" type="method" name="presentBasic" crap="2" count="0"/>
        <line num="52" type="stmt" count="0"/>
        <line num="53" type="stmt" count="0"/>
        <line num="54" type="stmt" count="0"/>
        <line num="55" type="stmt" count="0"/>
        <metrics loc="57" ncloc="57" classes="1" methods="4" coveredmethods="3" conditionals="0" coveredconditionals="0" statements="25" coveredstatements="21" elements="29" coveredelements="24"/>
      </file>
    </package>
    <package name="Dexter\ContentNegotiation">
[...]
        <class name="Factory" namespace="Dexter\Db">
          <metrics methods="1" coveredmethods="0" conditionals="0" coveredconditionals="0" statements="4" coveredstatements="3" elements="5" coveredelements="3"/>
        </class>
        <line num="18" type="method" name="getDb" crap="2.06" count="1"/>
        <line num="20" type="stmt" count="1"/>
        <line num="21" type="stmt" count="0"/>
        <line num="24" type="stmt" count="1"/>
        <line num="25" type="stmt" count="1"/>
        <metrics loc="27" ncloc="21" classes="1" methods="1" coveredmethods="0" conditionals="0" coveredconditionals="0" statements="4" coveredstatements="3" elements="5" coveredelements="3"/>
      </file>
    </package>
    <package name="Dexter\Http">
      <file name="/home/forlinux/projects/4502-PHP/ProjetoFinal/DexterService/library/Dexter/Http/Header.php">
        <class name="Header" namespace="Dexter\Http">
          <metrics methods="1" coveredmethods="0" conditionals="0" coveredconditionals="0" statements="4" coveredstatements="0" elements="5" coveredelements="0"/>
        </class>
        <line num="14" type="method" name="send" crap="6" count="0"/>
        <line num="16" type="stmt" count="0"/>
        <line num="17" type="stmt" count="0"/>
        <line num="18" type="stmt" count="0"/>
        <line num="19" type="stmt" count="0"/>
        <metrics loc="20" ncloc="14" classes="1" methods="1" coveredmethods="0" conditionals="0" coveredconditionals="0" statements="4" coveredstatements="0" elements="5" coveredelements="0"/>
      </file>
    </package>
    <file name="/home/forlinux/projects/4502-PHP/ProjetoFinal/DexterService/library/Dexter/Log/Adapters/Adapter.php">
      <metrics loc="8" ncloc="8" classes="0" methods="0" coveredmethods="0" conditionals="0" coveredconditionals="0" statements="0" coveredstatements="0" elements="0" coveredelements="0"/>
    </file>
    <package name="Dexter\Log\Adapters">
      <file name="/home/forlinux/projects/4502-PHP/ProjetoFinal/DexterService/library/Dexter/Log/Adapters/Stream.php">
        <class name="Stream" namespace="Dexter\Log\Adapters">
          <metrics methods="2" coveredmethods="2" conditionals="0" coveredconditionals="0" statements="9" coveredstatements="9" elements="11" coveredelements="11"/>
        </class>
        <line num="10" type="method" name="__construct" crap="1" count="1"/>
        <line num="12" type="stmt" count="1"/>
        <line num="13" type="stmt" count="1"/>
        <line num="14" type="stmt" count="1"/>
        <line num="15" type="stmt" count="1"/>
        <line num="17" type="method" name="write" crap="2" count="1"/>
        <line num="19" type="stmt" count="1"/>
        <line num="20" type="stmt" count="1"/>
        <line num="21" type="stmt" count="1"/>
        <line num="22" type="stmt" count="1"/>
        <line num="23" type="stmt" count="1"/>
        <metrics loc="24" ncloc="24" classes="1" methods="2" coveredmethods="2" conditionals="0" coveredconditionals="0" statements="9" coveredstatements="9" elements="11" coveredelements="11"/>
      </file>
    </package>
    <package name="Dexter\Log\Adapters\Stream">
      <file name="/home/forlinux/projects/4502-PHP/ProjetoFinal/DexterService/library/Dexter/Log/Adapters/Stream/Stream.php">
        <class name="Stream" namespace="Dexter\Log\Adapters\Stream">
          <metrics methods="4" coveredmethods="4" conditionals="0" coveredconditionals="0" statements="7" coveredstatements="7" elements="11" coveredelements="11"/>
        </class>
        <line num="9" type="method" name="open" crap="1" count="2"/>
        <line num="11" type="stmt" count="2"/>
        <line num="12" type="stmt" count="2"/>
        <line num="14" type="method" name="close" crap="1" count="1"/>
        <line num="16" type="stmt" count="1"/>
        <line num="17" type="stmt" count="1"/>
        <line num="19" type="method" name="write" crap="1" count="1"/>
        <line num="21" type="stmt" count="1"/>
        <line num="22" type="stmt" count="1"/>
        <line num="24" type="method" name="getFile" crap="1" count="1"/>
        <line num="26" type="stmt" count="1"/>
        <metrics loc="28" ncloc="28" classes="1" methods="4" coveredmethods="4" conditionals="0" coveredconditionals="0" statements="7" coveredstatements="7" elements="11" coveredelements="11"/>
      </file>
    </package>
    <package name="Dexter\Log">
      <file name="/home/forlinux/projects/4502-PHP/ProjetoFinal/DexterService/library/Dexter/Log/Log.php">
        <class name="Log" namespace="Dexter\Log">
          <metrics methods="2" coveredmethods="2" conditionals="0" coveredconditionals="0" statements="6" coveredstatements="6" elements="8" coveredelements="8"/>
        </class>
        <line num="12" type="method" name="__construct" crap="1" count="1"/>
        <line num="14" type="stmt" count="1"/>
        <line num="15" type="stmt" count="1"/>
        <line num="16" type="stmt" count="1"/>
        <line num="17" type="stmt" count="1"/>
        <line num="19" type="method" name="__toString" crap="2" count="1"/>
        <line num="21" type="stmt" count="1"/>
        <line num="22" type="stmt" count="1"/>
        <metrics loc="24" ncloc="24" classes="1" methods="2" coveredmethods="2" conditionals="0" coveredconditionals="0" statements="6" coveredstatements="6" elements="8" coveredelements="8"/>
      </file>
      <file name="/home/forlinux/projects/4502-PHP/ProjetoFinal/DexterService/library/Dexter/Log/Logger.php">
        <class name="Logger" namespace="Dexter\Log">
          <metrics methods="2" coveredmethods="2" conditionals="0" coveredconditionals="0" statements="6" coveredstatements="6" elements="8" coveredelements="8"/>
        </class>
        <line num="9" type="method" name="addAdapter" crap="1" count="2"/>
        <line num="11" type="stmt" count="2"/>
        <line num="12" type="stmt" count="2"/>
        <line num="15" type="method" name="log" crap="2" count="1"/>
        <line num="17" type="stmt" count="1"/>
        <line num="18" type="stmt" count="1"/>
        <line num="19" type="stmt" count="1"/>
        <line num="20" type="stmt" count="1"/>
        <metrics loc="21" ncloc="21" classes="1" methods="2" coveredmethods="2" conditionals="0" coveredconditionals="0" statements="6" coveredstatements="6" elements="8" coveredelements="8"/>
      </file>
    </package>
    <package name="Dexter\Router">
      <file name="/home/forlinux/projects/4502-PHP/ProjetoFinal/DexterService/library/Dexter/Router/Dispatcher.php">
        <class name="Dispatcher" namespace="Dexter\Router">
          <metrics methods="1" coveredmethods="1" conditionals="0" coveredconditionals="0" statements="2" coveredstatements="2" elements="3" coveredelements="3"/>
        </class>
        <line num="14" type="method" name="dispatch" crap="1" count="1"/>
        <line num="19" type="stmt" count="1"/>
        <line num="20" type="stmt" count="1"/>
        <metrics loc="21" ncloc="15" classes="1" methods="1" coveredmethods="1" conditionals="0" coveredconditionals="0" statements="2" coveredstatements="2" elements="3" coveredelements="3"/>
      </file>
      <file name="/home/forlinux/projects/4502-PHP/ProjetoFinal/DexterService/library/Dexter/Router/FrontController.php">
        <class name="FrontController" namespace="Dexter\Router">
          <metrics methods="2" coveredmethods="2" conditionals="0" coveredconditionals="0" statements="6" coveredstatements="6" elements="8" coveredelements="8"/>
        </class>
        <line num="28" type="method" name="__construct" crap="1" count="1"/>
        <line num="32" type="stmt" count="1"/>
        <line num="33" type="stmt" count="1"/>
        <line num="34" type="stmt" count="1"/>
        <line num="41" type="method" name="run" crap="1" count="1"/>
        <line num="43" type="stmt" count="1"/>
        <line num="44" type="stmt" count="1"/>
        <line num="45" type="stmt" count="1"/>
        <metrics loc="46" ncloc="25" classes="1" methods="2" coveredmethods="2" conditionals="0" coveredconditionals="0" statements="6" coveredstatements="6" elements="8" coveredelements="8"/>
      </file>
      <file name="/home/forlinux/projects/4502-PHP/ProjetoFinal/DexterService/library/Dexter/Router/Request.php">
        <class name="Request" namespace="Dexter\Router">
          <metrics methods="8" coveredmethods="5" conditionals="0" coveredconditionals="0" statements="51" coveredstatements="31" elements="59" coveredelements="36"/>
        </class>
        <line num="30" type="method" name="__construct" crap="1" count="6"/>
        <line num="32" type="stmt" count="6"/>
        <line num="33" type="stmt" count="6"/>
        <line num="39" type="method" name="getUri" crap="2" count="1"/>
        <line num="41" type="stmt" count="1"/>
        <line num="42" type="stmt" count="1"/>
        <line num="43" type="stmt" count="1"/>
        <line num="44" type="stmt" count="1"/>
        <line num="53" type="method" name="getParam" crap="2" count="2"/>
        <line num="55" type="stmt" count="2"/>
        <line num="56" type="stmt" count="2"/>
        <line num="57" type="stmt" count="1"/>
        <line num="59" type="stmt" count="1"/>
        <line num="66" type="method" name="getParams" crap="1" count="2"/>
        <line num="68" type="stmt" count="2"/>
        <line num="69" type="stmt" count="2"/>
        <line num="75" type="method" name="doParseParams" crap="9.59" count="5"/>
        <line num="77" type="stmt" count="5"/>
        <line num="78" type="stmt" count="5"/>
        <line num="79" type="stmt" count="5"/>
        <line num="80" type="stmt" count="5"/>
        <line num="81" type="stmt" count="5"/>
        <line num="82" type="stmt" count="5"/>
        <line num="83" type="stmt" count="3"/>
        <line num="84" type="stmt" count="5"/>
        <line num="85" type="stmt" count="5"/>
        <line num="86" type="stmt" count="1"/>
        <line num="87" type="stmt" count="1"/>
        <line num="88" type="stmt" count="1"/>
        <line num="89" type="stmt" count="1"/>
        <line num="90" type="stmt" count="1"/>
        <line num="91" type="stmt" count="0"/>
        <line num="92" type="stmt" count="0"/>
        <line num="93" type="stmt" count="0"/>
        <line num="94" type="stmt" count="0"/>
        <line num="96" type="stmt" count="0"/>
        <line num="97" type="stmt" count="0"/>
        <line num="98" type="stmt" count="0"/>
        <line num="99" type="stmt" count="5"/>
        <line num="100" type="stmt" count="5"/>
        <line num="101" type="stmt" count="5"/>
        <line num="107" type="method" name="isPost" crap="1" count="1"/>
        <line num="109" type="stmt" count="1"/>
        <line num="110" type="stmt" count="1"/>
        <line num="113" type="method" name="getHttpMethod" crap="2" count="0"/>
        <line num="115" type="stmt" count="0"/>
        <line num="116" type="stmt" count="0"/>
        <line num="119" type="method" name="CORS" crap="6" count="0"/>
        <line num="121" type="stmt" count="0"/>
        <line num="122" type="stmt" count="0"/>
        <line num="123" type="stmt" count="0"/>
        <line num="124" type="stmt" count="0"/>
        <line num="125" type="stmt" count="0"/>
        <line num="126" type="stmt" count="0"/>
        <line num="127" type="stmt" count="0"/>
        <line num="128" type="stmt" count="0"/>
        <line num="129" type="stmt" count="0"/>
        <line num="132" type="stmt" count="0"/>
        <line num="133" type="stmt" count="0"/>
        <metrics loc="134" ncloc="101" classes="1" methods="8" coveredmethods="5" conditionals="0" coveredconditionals="0" statements="51" coveredstatements="31" elements="59" coveredelements="36"/>
      </file>
      <file name="/home/forlinux/projects/4502-PHP/ProjetoFinal/DexterService/library/Dexter/Router/Response.php">
        <class name="Response" namespace="Dexter\Router">
          <metrics methods="8" coveredmethods="8" conditionals="0" coveredconditionals="0" statements="27" coveredstatements="27" elements="35" coveredelements="35"/>
        </class>
        <line num="27" type="method" name="__construct" crap="1" count="7"/>
        <line num="29" type="stmt" count="7"/>
        <line num="30" type="stmt" count="7"/>
        <line num="37" type="method" name="addHeader" crap="1" count="5"/>
        <line num="39" type="stmt" count="5"/>
        <line num="40" type="stmt" count="5"/>
        <line num="48" type="method" name="addHeaders" crap="2" count="2"/>
        <line num="50" type="stmt" count="2"/>
        <line num="51" type="stmt" count="2"/>
        <line num="52" type="stmt" count="2"/>
        <line num="53" type="stmt" count="2"/>
        <line num="60" type="method" name="getHeaders" crap="1" count="3"/>
        <line num="62" type="stmt" count="3"/>
        <line num="65" type="method" name="setContent" crap="1" count="2"/>
        <line num="67" type="stmt" count="2"/>
        <line num="68" type="stmt" count="2"/>
        <line num="74" type="method" name="send" crap="3" count="2"/>
        <line num="76" type="stmt" count="2"/>
        <line num="77" type="stmt" count="2"/>
        <line num="78" type="stmt" count="2"/>
        <line num="79" type="stmt" count="1"/>
        <line num="80" type="stmt" count="1"/>
        <line num="81" type="stmt" count="1"/>
        <line num="83" type="stmt" count="2"/>
        <line num="84" type="stmt" count="2"/>
        <line num="85" type="stmt" count="2"/>
        <line num="86" type="stmt" count="2"/>
        <line num="91" type="method" name="getHeaderSender" crap="2" count="4"/>
        <line num="93" type="stmt" count="4"/>
        <line num="94" type="stmt" count="1"/>
        <line num="95" type="stmt" count="1"/>
        <line num="96" type="stmt" count="4"/>
        <line num="103" type="method" name="setHeaderSender" crap="1" count="3"/>
        <line num="105" type="stmt" count="3"/>
        <line num="106" type="stmt" count="3"/>
        <metrics loc="108" ncloc="77" classes="1" methods="8" coveredmethods="8" conditionals="0" coveredconditionals="0" statements="27" coveredstatements="27" elements="35" coveredelements="35"/>
      </file>
      <file name="/home/forlinux/projects/4502-PHP/ProjetoFinal/DexterService/library/Dexter/Router/Route.php">
        <class name="Route" namespace="Dexter\Router">
          <metrics methods="4" coveredmethods="4" conditionals="0" coveredconditionals="0" statements="9" coveredstatements="9" elements="13" coveredelements="13"/>
        </class>
        <line num="31" type="method" name="__construct" crap="1" count="2"/>
        <line num="33" type="stmt" count="2"/>
        <line num="34" type="stmt" count="2"/>
        <line num="35" type="stmt" count="2"/>
        <line num="41" type="method" name="match" crap="2" count="2"/>
        <line num="43" type="stmt" count="2"/>
        <line num="44" type="stmt" count="2"/>
        <line num="45" type="stmt" count="2"/>
        <line num="46" type="stmt" count="2"/>
        <line num="54" type="method" name="run" crap="1" count="1"/>
        <line num="56" type="stmt" count="1"/>
        <line num="62" type="method" name="__get" crap="1" count="1"/>
        <line num="64" type="stmt" count="1"/>
        <metrics loc="66" ncloc="37" classes="1" methods="4" coveredmethods="4" conditionals="0" coveredconditionals="0" statements="9" coveredstatements="9" elements="13" coveredelements="13"/>
      </file>
      <file name="/home/forlinux/projects/4502-PHP/ProjetoFinal/DexterService/library/Dexter/Router/Router.php">
        <class name="Router" namespace="Dexter\Router">
          <metrics methods="4" coveredmethods="4" conditionals="0" coveredconditionals="0" statements="14" coveredstatements="14" elements="18" coveredelements="18"/>
        </class>
        <line num="22" type="method" name="addRoute" crap="1" count="4"/>
        <line num="24" type="stmt" count="4"/>
        <line num="25" type="stmt" count="4"/>
        <line num="33" type="method" name="addRoutes" crap="2" count="1"/>
        <line num="35" type="stmt" count="1"/>
        <line num="36" type="stmt" count="1"/>
        <line num="37" type="stmt" count="1"/>
        <line num="38" type="stmt" count="1"/>
        <line num="45" type="method" name="getRoutes" crap="1" count="4"/>
        <line num="47" type="stmt" count="4"/>
        <line num="56" type="method" name="route" crap="3" count="2"/>
        <line num="58" type="stmt" count="2"/>
        <line num="59" type="stmt" count="2"/>
        <line num="60" type="stmt" count="1"/>
        <line num="62" type="stmt" count="1"/>
        <line num="63" type="stmt" count="1"/>
        <line num="64" type="stmt" count="1"/>
        <line num="65" type="stmt" count="1"/>
        <metrics loc="67" ncloc="40" classes="1" methods="4" coveredmethods="4" conditionals="0" coveredconditionals="0" statements="14" coveredstatements="14" elements="18" coveredelements="18"/>
      </file>
    </package>
    <file name="/home/forlinux/projects/4502-PHP/ProjetoFinal/DexterService/library/Dexter/Router/DispatcherInterface.php">
      <metrics loc="22" ncloc="13" classes="0" methods="0" coveredmethods="0" conditionals="0" coveredconditionals="0" statements="0" coveredstatements="0" elements="0" coveredelements="0"/>
    </file>
    <file name="/home/forlinux/projects/4502-PHP/ProjetoFinal/DexterService/library/Dexter/Router/RequestInterface.php">
      <metrics loc="30" ncloc="13" classes="0" methods="0" coveredmethods="0" conditionals="0" coveredconditionals="0" statements="0" coveredstatements="0" elements="0" coveredelements="0"/>
    </file>
    <file name="/home/forlinux/projects/4502-PHP/ProjetoFinal/DexterService/library/Dexter/Router/ResponseInterface.php">
      <metrics loc="29" ncloc="13" classes="0" methods="0" coveredmethods="0" conditionals="0" coveredconditionals="0" statements="0" coveredstatements="0" elements="0" coveredelements="0"/>
    </file>
    <file name="/home/forlinux/projects/4502-PHP/ProjetoFinal/DexterService/library/Dexter/Router/RouteInterface.php">
      <metrics loc="22" ncloc="11" classes="0" methods="0" coveredmethods="0" conditionals="0" coveredconditionals="0" statements="0" coveredstatements="0" elements="0" coveredelements="0"/>
    </file>
    <file name="/home/forlinux/projects/4502-PHP/ProjetoFinal/DexterService/library/Dexter/Router/RouterInterface.php">
      <metrics loc="38" ncloc="15" classes="0" methods="0" coveredmethods="0" conditionals="0" coveredconditionals="0" statements="0" coveredstatements="0" elements="0" coveredelements="0"/>
    </file>
    <package name="Dexter">
      <file name="/home/forlinux/projects/4502-PHP/ProjetoFinal/DexterService/library/Dexter/Singleton.php">
        <class name="Singleton" namespace="Dexter">
          <metrics methods="3" coveredmethods="2" conditionals="0" coveredconditionals="0" statements="6" coveredstatements="5" elements="9" coveredelements="7"/>
        </class>
        <line num="13" type="method" name="getInstance" crap="2" count="1"/>
        <line num="15" type="stmt" count="1"/>
        <line num="16" type="stmt" count="1"/>
        <line num="17" type="stmt" count="1"/>
        <line num="19" type="stmt" count="1"/>
        <line num="22" type="method" name="__construct" crap="1" count="1"/>
        <line num="24" type="stmt" count="1"/>
        <line num="26" type="method" name="__clone" crap="2" count="0"/>
        <line num="28" type="stmt" count="0"/>
        <metrics loc="29" ncloc="25" classes="1" methods="3" coveredmethods="2" conditionals="0" coveredconditionals="0" statements="6" coveredstatements="5" elements="9" coveredelements="7"/>
      </file>
    </package>
    <metrics files="72" loc="3307" ncloc="2981" classes="62" methods="249" coveredmethods="201" conditionals="0" coveredconditionals="0" statements="1095" coveredstatements="903" elements="1344" coveredelements="1104"/>
  </project>
</coverage>
